<?xml version="1.0" encoding="UTF-8"?>
<!-- Generated by org.testng.reporters.JUnitReportReporter -->
<testsuite hostname="DESKTOP-DF22MQA" failures="0" tests="4" name="apiTests.CreateUser" time="15.077" errors="0" timestamp="2021-06-20T18:00:13 IST" skipped="0">
  <testcase classname="apiTests.CreateUser" name="createUser" time="1.253"/>
  <system-out/>
  <testcase classname="apiTests.CreateUser" name="createUser" time="3.376"/>
  <system-out/>
  <testcase classname="apiTests.CreateUser" name="createUser" time="0.840"/>
  <system-out/>
  <testcase classname="apiTests.CreateUser" name="createUser" time="9.608"/>
  <system-out/>
</testsuite> <!-- apiTests.CreateUser -->
