<?xml version="1.0" encoding="UTF-8"?>
<!-- Generated by org.testng.reporters.JUnitReportReporter -->
<testsuite hostname="DESKTOP-DF22MQA" failures="0" tests="2" name="apiTests.GetAllUsers" time="1.591" errors="0" timestamp="2021-06-20T18:00:13 IST" skipped="0">
  <testcase classname="apiTests.GetAllUsers" name="verifyNoOfUsers" time="0.592"/>
  <system-out/>
  <testcase classname="apiTests.GetAllUsers" name="getListOfUsers" time="0.999"/>
  <system-out/>
</testsuite> <!-- apiTests.GetAllUsers -->
